2021-01-29 14:27:31,111 INFO PERFORMANCE:|0|0|-1|-1

2021-01-29 14:32:31,115 INFO PERFORMANCE:|0|0|-1|-1

2021-01-29 14:37:31,116 INFO PERFORMANCE:|0|0|-1|-1

2021-01-29 14:42:31,117 INFO PERFORMANCE:|0|0|-1|-1

2021-01-29 14:47:31,120 INFO PERFORMANCE:|1|1|-1|-1

2021-01-29 14:52:31,121 INFO PERFORMANCE:|1|1|-1|-1

2021-01-29 14:57:31,123 INFO PERFORMANCE:|1|1|-1|-1

2021-01-29 15:02:31,124 INFO PERFORMANCE:|1|1|-1|-1

2021-01-29 15:07:31,125 INFO PERFORMANCE:|1|1|-1|-1

2021-01-29 15:12:31,126 INFO PERFORMANCE:|1|1|-1|-1

2021-01-29 15:17:31,128 INFO PERFORMANCE:|1|1|-1|-1

2021-01-29 15:22:31,131 INFO PERFORMANCE:|1|1|-1|-1

2021-01-29 15:27:31,132 INFO PERFORMANCE:|1|1|-1|-1

2021-01-29 15:32:31,133 INFO PERFORMANCE:|1|1|-1|-1

2021-01-29 15:37:31,135 INFO PERFORMANCE:|1|1|-1|-1

2021-01-29 15:42:31,137 INFO PERFORMANCE:|1|1|-1|-1

2021-01-29 15:47:31,139 INFO PERFORMANCE:|1|1|-1|-1

2021-01-29 15:52:31,141 INFO PERFORMANCE:|1|1|-1|-1

2021-01-29 15:57:31,142 INFO PERFORMANCE:|1|1|-1|-1

2021-01-29 16:02:31,144 INFO PERFORMANCE:|1|1|-1|-1

2021-01-29 16:07:31,145 INFO PERFORMANCE:|1|1|-1|-1

2021-01-29 16:12:31,146 INFO PERFORMANCE:|1|1|-1|-1

2021-01-29 16:17:31,148 INFO PERFORMANCE:|1|1|-1|-1

2021-01-29 16:22:31,150 INFO PERFORMANCE:|1|1|-1|-1

2021-01-29 16:27:31,151 INFO PERFORMANCE:|2|2|-1|-1

2021-01-29 16:32:31,152 INFO PERFORMANCE:|2|1|-1|-1

2021-01-29 16:37:31,153 INFO PERFORMANCE:|1|1|-1|-1

2021-01-29 16:42:31,155 INFO PERFORMANCE:|1|1|-1|-1

2021-01-29 16:47:31,156 INFO PERFORMANCE:|2|2|-1|-1

2021-01-29 16:52:31,158 INFO PERFORMANCE:|2|1|-1|-1

2021-01-29 16:57:31,159 INFO PERFORMANCE:|1|1|-1|-1

2021-01-29 17:02:31,161 INFO PERFORMANCE:|1|1|-1|-1

2021-01-29 17:07:31,163 INFO PERFORMANCE:|1|1|-1|-1

2021-01-29 17:12:31,164 INFO PERFORMANCE:|1|1|-1|-1

2021-01-29 17:17:31,166 INFO PERFORMANCE:|1|1|-1|-1

2021-01-29 17:22:31,168 INFO PERFORMANCE:|1|1|-1|-1

2021-01-29 17:27:31,169 INFO PERFORMANCE:|1|1|-1|-1

2021-01-29 17:32:31,171 INFO PERFORMANCE:|1|1|-1|-1

2021-01-29 17:37:31,172 INFO PERFORMANCE:|1|1|-1|-1

